<?xml version="1.0" encoding="UTF-8"?>
<!-- Generated by org.testng.reporters.JUnitReportReporter -->
<testsuite hostname="BGM" failures="0" tests="2" name="com.tmb.testcases.LoginTest" time="12.686" errors="0" timestamp="2022-02-02T17:53:36 IST" skipped="0">
  <testcase classname="com.tmb.testcases.LoginTest" name="login" time="6.512"/>
  <system-out/>
  <testcase classname="com.tmb.testcases.LoginTest" name="login2" time="6.174"/>
  <system-out/>
</testsuite> <!-- com.tmb.testcases.LoginTest -->
