<?xml version="1.0" encoding="UTF-8"?>
<!-- Generated by org.testng.reporters.JUnitReportReporter -->
<testsuite hostname="BGM" failures="0" tests="4" name="com.tmb.util.Testclass" time="0.010" errors="0" timestamp="2022-03-07T23:54:44 IST" skipped="0">
  <testcase classname="com.tmb.util.Testclass" name="integrationTest" time="0.006"/>
  <system-out/>
  <testcase classname="com.tmb.util.Testclass" name="integrationTest" time="0.001"/>
  <system-out/>
  <testcase classname="com.tmb.util.Testclass" name="integrationTest" time="0.002"/>
  <system-out/>
  <testcase classname="com.tmb.util.Testclass" name="integrationTest" time="0.001"/>
  <system-out/>
</testsuite> <!-- com.tmb.util.Testclass -->
