<?xml version="1.0" encoding="UTF-8"?>
<!-- Generated by org.testng.reporters.JUnitReportReporter -->
<testsuite hostname="BGM" failures="0" tests="3" name="com.tmb.util.TestDataProvider" time="0.005" errors="0" timestamp="2022-03-09T18:55:46 IST" skipped="0">
  <testcase classname="com.tmb.util.TestDataProvider" name="test" time="0.000"/>
  <system-out/>
  <testcase classname="com.tmb.util.TestDataProvider" name="test" time="0.001"/>
  <system-out/>
  <testcase classname="com.tmb.util.TestDataProvider" name="test" time="0.004"/>
  <system-out/>
</testsuite> <!-- com.tmb.util.TestDataProvider -->
