<?xml version="1.0" encoding="UTF-8"?>
<!-- Generated by org.testng.reporters.JUnitReportReporter -->
<testsuite hostname="BGM" failures="0" tests="8" name="testcases.TestDemo" time="6.383" errors="0" timestamp="2022-01-29T15:26:29 IST" skipped="0">
  <testcase classname="testcases.TestDemo" name="test5" time="1.193"/>
  <system-out/>
  <testcase classname="testcases.TestDemo" name="test4" time="0.751"/>
  <system-out/>
  <testcase classname="testcases.TestDemo" name="test2" time="0.757"/>
  <system-out/>
  <testcase classname="testcases.TestDemo" name="test1" time="0.713"/>
  <system-out/>
  <testcase classname="testcases.TestDemo" name="test8" time="0.700"/>
  <system-out/>
  <testcase classname="testcases.TestDemo" name="test6" time="0.771"/>
  <system-out/>
  <testcase classname="testcases.TestDemo" name="test7" time="0.719"/>
  <system-out/>
  <testcase classname="testcases.TestDemo" name="test3" time="0.779"/>
  <system-out/>
</testsuite> <!-- testcases.TestDemo -->
